-------------------------------------------------------------------------------
Test set: TestSuite
-------------------------------------------------------------------------------
Tests run: 2, Failures: 2, Errors: 0, Skipped: 0, Time elapsed: 67.011 sec <<< FAILURE!
verifyValidLogin(testcases.android.AmazonLoginTest)  Time elapsed: 28.312 sec  <<< FAILURE!
org.openqa.selenium.NoSuchElementException: UiSelector[INSTANCE=0, RESOURCE_ID=ap_email_login]
For documentation on this error, please visit: http://seleniumhq.org/exceptions/no_such_element.html
Build info: version: '3.13.0', revision: '2f0d292', time: '2018-06-25T15:24:21.231Z'
System info: host: 'Saif-Siddiqui-2.local', ip: 'fe80:0:0:0:89c:e1dc:9859:a9ad%en0', os.name: 'Mac OS X', os.arch: 'x86_64', os.version: '10.13.6', java.version: '1.8.0_161'
Driver info: io.appium.java_client.android.AndroidDriver
Capabilities {app: /Users/saif.siddiqui/Downlo..., appActivity: com.amazon.mShop.home.HomeA..., appPackage: in.amazon.mShop.android.sho..., databaseEnabled: false, desired: {app: /Users/saif.siddiqui/Downlo..., appActivity: com.amazon.mShop.home.HomeA..., appPackage: in.amazon.mShop.android.sho..., deviceName: Motorola, noReset: false, platformName: android}, deviceManufacturer: Xiaomi, deviceModel: POCOPHONE F1, deviceName: daa98244, deviceScreenSize: 1080x2246, deviceUDID: daa98244, javascriptEnabled: true, locationContextEnabled: false, networkConnectionEnabled: true, noReset: false, platform: LINUX, platformName: Android, platformVersion: 9, takesScreenshot: true, warnings: {}, webStorageEnabled: false}
Session ID: 29283ede-9534-4733-8c23-1b229d6546c0
	at sun.reflect.NativeConstructorAccessorImpl.newInstance0(Native Method)
	at sun.reflect.NativeConstructorAccessorImpl.newInstance(NativeConstructorAccessorImpl.java:62)
	at sun.reflect.DelegatingConstructorAccessorImpl.newInstance(DelegatingConstructorAccessorImpl.java:45)
	at java.lang.reflect.Constructor.newInstance(Constructor.java:423)
	at org.openqa.selenium.remote.http.W3CHttpResponseCodec.createException(W3CHttpResponseCodec.java:187)
	at org.openqa.selenium.remote.http.W3CHttpResponseCodec.decode(W3CHttpResponseCodec.java:122)
	at org.openqa.selenium.remote.http.W3CHttpResponseCodec.decode(W3CHttpResponseCodec.java:49)
	at org.openqa.selenium.remote.HttpCommandExecutor.execute(HttpCommandExecutor.java:158)
	at io.appium.java_client.remote.AppiumCommandExecutor.execute(AppiumCommandExecutor.java:231)
	at org.openqa.selenium.remote.RemoteWebDriver.execute(RemoteWebDriver.java:548)
	at io.appium.java_client.DefaultGenericMobileDriver.execute(DefaultGenericMobileDriver.java:42)
	at io.appium.java_client.AppiumDriver.execute(AppiumDriver.java:1)
	at io.appium.java_client.android.AndroidDriver.execute(AndroidDriver.java:1)
	at org.openqa.selenium.remote.RemoteWebElement.execute(RemoteWebElement.java:276)
	at io.appium.java_client.DefaultGenericMobileElement.execute(DefaultGenericMobileElement.java:45)
	at io.appium.java_client.MobileElement.execute(MobileElement.java:1)
	at io.appium.java_client.android.AndroidElement.execute(AndroidElement.java:1)
	at org.openqa.selenium.remote.RemoteWebElement.sendKeys(RemoteWebElement.java:100)
	at screens.androidpageobjects.LandingPageAndroid.enterNumberOrEmail(LandingPageAndroid.java:43)
	at testcases.android.AmazonLoginTest.verifyValidLogin(AmazonLoginTest.java:23)

verifyLogout(testcases.android.AmazonLoginTest)  Time elapsed: 20.229 sec  <<< FAILURE!
org.openqa.selenium.NoSuchElementException: An element could not be located on the page using the given search parameters.
For documentation on this error, please visit: http://seleniumhq.org/exceptions/no_such_element.html
Build info: version: '3.13.0', revision: '2f0d292', time: '2018-06-25T15:24:21.231Z'
System info: host: 'Saif-Siddiqui-2.local', ip: 'fe80:0:0:0:89c:e1dc:9859:a9ad%en0', os.name: 'Mac OS X', os.arch: 'x86_64', os.version: '10.13.6', java.version: '1.8.0_161'
Driver info: io.appium.java_client.android.AndroidDriver
Capabilities {app: /Users/saif.siddiqui/Downlo..., appActivity: com.amazon.mShop.home.HomeA..., appPackage: in.amazon.mShop.android.sho..., databaseEnabled: false, desired: {app: /Users/saif.siddiqui/Downlo..., appActivity: com.amazon.mShop.home.HomeA..., appPackage: in.amazon.mShop.android.sho..., deviceName: Motorola, noReset: false, platformName: android}, deviceManufacturer: Xiaomi, deviceModel: POCOPHONE F1, deviceName: daa98244, deviceScreenSize: 1080x2246, deviceUDID: daa98244, javascriptEnabled: true, locationContextEnabled: false, networkConnectionEnabled: true, noReset: false, platform: LINUX, platformName: Android, platformVersion: 9, takesScreenshot: true, warnings: {}, webStorageEnabled: false}
Session ID: 29283ede-9534-4733-8c23-1b229d6546c0
*** Element info: {Using=id, value=in.amazon.mShop.android.shopping:id/action_bar_burger_icon}
	at sun.reflect.NativeConstructorAccessorImpl.newInstance0(Native Method)
	at sun.reflect.NativeConstructorAccessorImpl.newInstance(NativeConstructorAccessorImpl.java:62)
	at sun.reflect.DelegatingConstructorAccessorImpl.newInstance(DelegatingConstructorAccessorImpl.java:45)
	at java.lang.reflect.Constructor.newInstance(Constructor.java:423)
	at org.openqa.selenium.remote.http.W3CHttpResponseCodec.createException(W3CHttpResponseCodec.java:187)
	at org.openqa.selenium.remote.http.W3CHttpResponseCodec.decode(W3CHttpResponseCodec.java:122)
	at org.openqa.selenium.remote.http.W3CHttpResponseCodec.decode(W3CHttpResponseCodec.java:49)
	at org.openqa.selenium.remote.HttpCommandExecutor.execute(HttpCommandExecutor.java:158)
	at io.appium.java_client.remote.AppiumCommandExecutor.execute(AppiumCommandExecutor.java:231)
	at org.openqa.selenium.remote.RemoteWebDriver.execute(RemoteWebDriver.java:548)
	at io.appium.java_client.DefaultGenericMobileDriver.execute(DefaultGenericMobileDriver.java:42)
	at io.appium.java_client.AppiumDriver.execute(AppiumDriver.java:1)
	at io.appium.java_client.android.AndroidDriver.execute(AndroidDriver.java:1)
	at org.openqa.selenium.remote.RemoteWebDriver.findElement(RemoteWebDriver.java:322)
	at io.appium.java_client.DefaultGenericMobileDriver.findElement(DefaultGenericMobileDriver.java:62)
	at io.appium.java_client.AppiumDriver.findElement(AppiumDriver.java:1)
	at io.appium.java_client.android.AndroidDriver.findElement(AndroidDriver.java:1)
	at org.openqa.selenium.remote.RemoteWebDriver.findElementById(RemoteWebDriver.java:368)
	at io.appium.java_client.DefaultGenericMobileDriver.findElementById(DefaultGenericMobileDriver.java:70)
	at io.appium.java_client.AppiumDriver.findElementById(AppiumDriver.java:1)
	at io.appium.java_client.android.AndroidDriver.findElementById(AndroidDriver.java:1)
	at org.openqa.selenium.By$ById.findElement(By.java:188)
	at org.openqa.selenium.remote.RemoteWebDriver.findElement(RemoteWebDriver.java:314)
	at io.appium.java_client.DefaultGenericMobileDriver.findElement(DefaultGenericMobileDriver.java:58)
	at io.appium.java_client.AppiumDriver.findElement(AppiumDriver.java:1)
	at io.appium.java_client.android.AndroidDriver.findElement(AndroidDriver.java:1)
	at screens.androidpageobjects.AmazonHomePageAndroid.tapAction_bar_burger_icon(AmazonHomePageAndroid.java:34)
	at testcases.android.AmazonLoginTest.verifyLogout(AmazonLoginTest.java:42)

